0.10099999999999998	EXP	Created Window = Window( name=Window, fullscr=true, color=#808080, units=height, waitBlanking=true, autoLog=true, size=[1506,964] )
25.689	DATA	Keydown: Shift
27.764000000000003	DATA	Keydown: Shift
27.918	DATA	Keydown: S
31.000000000000004	DATA	Keydown: t
31.584	DATA	Keydown: e
31.967000000000002	DATA	Keydown: v
32.114999999999995	DATA	Keydown: e
32.373	DATA	Keydown:  
32.708	DATA	Keydown: Shift
33.045	DATA	Keydown: P
33.285	DATA	Keydown: i
33.534	DATA	Keydown: l
33.735	DATA	Keydown: o
33.922999999999995	DATA	Keydown: t
38.479	EXP	Created Ins = TextStim( name=Ins, win=Window( name=Window, fullscr=true, color=#808080, ~), autoDraw=null, autoLog=true, units=height, ori=null, opacity=1, pos=[0,0], size=undefined, text=Hello, in this task you will be presented with two~, font=Arial, color=#000000, contrast=1, height=0.03, bold=null, italic=null, alignHoriz=left, alignVert=center, wrapWidth=1, flipHoriz=null, flipVert=null )
38.482	EXP	Created jitter1 = ImageStim( name=jitter1, win=Window( name=Window, fullscr=true, color=#808080, ~), autoDraw=null, autoLog=true, units=pix, ori=null, opacity=1, pos=[0,0], size=[25,25], image=undefined, mask=undefined, color=#ffffff, contrast=1, texRes=128, interpolate=true, depth=null, flipHoriz=null, flipVert=null )
38.483	EXP	Created stim1 = ImageStim( name=stim1, win=Window( name=Window, fullscr=true, color=#808080, ~), autoDraw=null, autoLog=true, units=pix, ori=null, opacity=1, pos=[0,0], size=[400,400], image=undefined, mask=undefined, color=#ffffff, contrast=1, texRes=128, interpolate=true, depth=null, flipHoriz=null, flipVert=null )
38.484	EXP	Created fix = ImageStim( name=fix, win=Window( name=Window, fullscr=true, color=#808080, ~), autoDraw=null, autoLog=true, units=pix, ori=null, opacity=1, pos=[0,0], size=[25,25], image=undefined, mask=undefined, color=#ffffff, contrast=1, texRes=128, interpolate=true, depth=-1, flipHoriz=null, flipVert=null )
38.485	EXP	Created prob1 = TextStim( name=prob1, win=Window( name=Window, fullscr=true, color=#808080, ~), autoDraw=null, autoLog=true, units=height, ori=null, opacity=1, pos=[0,0], size=undefined, text=default text, font=Arial, color=#000000, contrast=1, height=0.1, bold=null, italic=null, alignHoriz=left, alignVert=center, wrapWidth=1, flipHoriz=null, flipVert=null )
38.485	EXP	Created jitter1 = ImageStim( name=jitter1, win=Window( name=Window, fullscr=true, color=#808080, ~), autoDraw=null, autoLog=true, units=pix, ori=null, opacity=1, pos=[0,0], size=[25,25], image=undefined, mask=undefined, color=#ffffff, contrast=1, texRes=128, interpolate=true, depth=null, flipHoriz=null, flipVert=null )
38.486	EXP	Created stim2 = ImageStim( name=stim2, win=Window( name=Window, fullscr=true, color=#808080, ~), autoDraw=null, autoLog=true, units=pix, ori=null, opacity=1, pos=[0,0], size=[400,400], image=undefined, mask=undefined, color=#ffffff, contrast=1, texRes=128, interpolate=true, depth=null, flipHoriz=null, flipVert=null )
38.486999999999995	EXP	Created fix2 = ImageStim( name=fix2, win=Window( name=Window, fullscr=true, color=#808080, ~), autoDraw=null, autoLog=true, units=pix, ori=null, opacity=1, pos=[0,0], size=[25,25], image=undefined, mask=undefined, color=#ffffff, contrast=1, texRes=128, interpolate=true, depth=-1, flipHoriz=null, flipVert=null )
38.488	EXP	Created prob2 = TextStim( name=prob2, win=Window( name=Window, fullscr=true, color=#808080, ~), autoDraw=null, autoLog=true, units=height, ori=null, opacity=1, pos=[0,0], size=undefined, text=default text, font=Arial, color=#000000, contrast=1, height=0.1, bold=null, italic=null, alignHoriz=left, alignVert=center, wrapWidth=1, flipHoriz=null, flipVert=null )
38.489	EXP	Created jitter1 = ImageStim( name=jitter1, win=Window( name=Window, fullscr=true, color=#808080, ~), autoDraw=null, autoLog=true, units=pix, ori=null, opacity=1, pos=[0,0], size=[25,25], image=undefined, mask=undefined, color=#ffffff, contrast=1, texRes=128, interpolate=true, depth=null, flipHoriz=null, flipVert=null )
38.491	EXP	Created Choice = TextStim( name=Choice, win=Window( name=Window, fullscr=true, color=#808080, ~), autoDraw=null, autoLog=true, units=height, ori=null, opacity=1, pos=[0,0], size=undefined, text=Choose, font=Arial, color=#000000, contrast=1, height=0.1, bold=null, italic=null, alignHoriz=left, alignVert=center, wrapWidth=1, flipHoriz=null, flipVert=null )
38.492	EXP	Created fix3 = ImageStim( name=fix3, win=Window( name=Window, fullscr=true, color=#808080, ~), autoDraw=null, autoLog=true, units=pix, ori=null, opacity=1, pos=[0,0], size=[25,25], image=undefined, mask=undefined, color=#ffffff, contrast=1, texRes=128, interpolate=true, depth=null, flipHoriz=null, flipVert=null )
38.492999999999995	EXP	Created reveal = TextStim( name=reveal, win=Window( name=Window, fullscr=true, color=#808080, ~), autoDraw=null, autoLog=true, units=height, ori=null, opacity=1, pos=[0,0], size=undefined, text=default text, font=Arial, color=#000000, contrast=1, height=0.1, bold=null, italic=null, alignHoriz=left, alignVert=center, wrapWidth=1, flipHoriz=null, flipVert=null )
38.492999999999995	EXP	Created tutorial_text1 = TextStim( name=tutorial_text1, win=Window( name=Window, fullscr=true, color=#808080, ~), autoDraw=null, autoLog=true, units=height, ori=null, opacity=1, pos=[0,0.4], size=undefined, text=default text, font=Arial, color=#000000, contrast=1, height=0.1, bold=null, italic=null, alignHoriz=left, alignVert=center, wrapWidth=1, flipHoriz=null, flipVert=null )
38.494	EXP	Created fix5 = ImageStim( name=fix5, win=Window( name=Window, fullscr=true, color=#808080, ~), autoDraw=null, autoLog=true, units=pix, ori=null, opacity=1, pos=[0,0], size=[25,25], image=undefined, mask=undefined, color=#ffffff, contrast=1, texRes=128, interpolate=true, depth=-2, flipHoriz=null, flipVert=null )
38.495	EXP	Created outcome_circle = ImageStim( name=outcome_circle, win=Window( name=Window, fullscr=true, color=#808080, ~), autoDraw=null, autoLog=true, units=pix, ori=null, opacity=1, pos=[0,0], size=[1280,720], image=undefined, mask=undefined, color=#ffffff, contrast=1, texRes=128, interpolate=true, depth=-3, flipHoriz=null, flipVert=null )
38.495	EXP	Created fix4 = ImageStim( name=fix4, win=Window( name=Window, fullscr=true, color=#808080, ~), autoDraw=null, autoLog=true, units=pix, ori=null, opacity=1, pos=[0,0], size=[25,25], image=undefined, mask=undefined, color=#ffffff, contrast=1, texRes=128, interpolate=true, depth=null, flipHoriz=null, flipVert=null )
38.495999999999995	EXP	Created reveal2 = TextStim( name=reveal2, win=Window( name=Window, fullscr=true, color=#808080, ~), autoDraw=null, autoLog=true, units=height, ori=null, opacity=1, pos=[0,0], size=undefined, text=default text, font=Arial, color=#000000, contrast=1, height=0.1, bold=null, italic=null, alignHoriz=left, alignVert=center, wrapWidth=1, flipHoriz=null, flipVert=null )
38.495999999999995	EXP	Created tutorialtext2 = TextStim( name=tutorialtext2, win=Window( name=Window, fullscr=true, color=#808080, ~), autoDraw=null, autoLog=true, units=height, ori=null, opacity=1, pos=[0,0.4], size=undefined, text=default text, font=Arial, color=#000000, contrast=1, height=0.1, bold=null, italic=null, alignHoriz=left, alignVert=center, wrapWidth=1, flipHoriz=null, flipVert=null )
38.497	EXP	Created fix6 = ImageStim( name=fix6, win=Window( name=Window, fullscr=true, color=#808080, ~), autoDraw=null, autoLog=true, units=pix, ori=null, opacity=1, pos=[0,0], size=[25,25], image=undefined, mask=undefined, color=#ffffff, contrast=1, texRes=128, interpolate=true, depth=-2, flipHoriz=null, flipVert=null )
38.498	EXP	Created counter_square = ImageStim( name=counter_square, win=Window( name=Window, fullscr=true, color=#808080, ~), autoDraw=null, autoLog=true, units=pix, ori=null, opacity=1, pos=[0,0], size=[1280,720], image=undefined, mask=undefined, color=#ffffff, contrast=1, texRes=128, interpolate=true, depth=-3, flipHoriz=null, flipVert=null )
38.498	EXP	Created text = TextStim( name=text, win=Window( name=Window, fullscr=true, color=#808080, ~), autoDraw=null, autoLog=true, units=height, ori=null, opacity=1, pos=[0,0], size=undefined, text=This concludes the practice. Press the spacebar wh~, font=Arial, color=#FFFFFF, contrast=1, height=0.1, bold=null, italic=null, alignHoriz=left, alignVert=center, wrapWidth=1, flipHoriz=null, flipVert=null )
38.553	EXP	Ins: units = "height"
38.553	EXP	Ins: ori = 0
38.553	EXP	Ins: opacity = 1
38.553	EXP	Ins: pos = [0,0]
38.553	EXP	Ins: size = undefined
38.553	EXP	Ins: text = "Hello, in this task you will be presented with two separate images of a face and a house. You will see points overlayed on these images that you can gamble for. Each image will have an independent probability of leading to that amount of reward. Once you see the choose screen, you will indicate which image you'd like to gamble for with the left and right arrow key. Press left for face and right for house. Based on the number of points you get at the end you will receive a cash payout! To start we will first be performing a few practice rounds. When you're ready press the spacebar to continue. "
38.553	EXP	Ins: font = "Arial"
38.553	EXP	Ins: color = {"_hex":"#000000","_rgb":[0,0,0]}
38.553	EXP	Ins: contrast = 1
38.553	EXP	Ins: height = 0.03
38.553	EXP	Ins: bold = false
38.553	EXP	Ins: italic = false
38.553	EXP	Ins: alignHoriz = "left"
38.553	EXP	Ins: alignVert = "center"
38.553	EXP	Ins: wrapWidth = 1
38.553	EXP	Ins: flipHoriz = false
38.553	EXP	Ins: flipVert = false
38.553	EXP	jitter1: units = "pix"
38.553	EXP	jitter1: ori = 0
38.553	EXP	jitter1: opacity = 1
38.553	EXP	jitter1: pos = [0,0]
38.553	EXP	jitter1: size = [25,25]
38.553	EXP	jitter1: image = undefined
38.553	EXP	jitter1: mask = undefined
38.553	EXP	jitter1: color = {"_rgb":[1,1,1]}
38.553	EXP	jitter1: contrast = 1
38.553	EXP	jitter1: texRes = 128
38.553	EXP	jitter1: interpolate = true
38.553	EXP	jitter1: depth = 0
38.553	EXP	jitter1: flipHoriz = false
38.553	EXP	jitter1: flipVert = false
38.553	EXP	stim1: units = "pix"
38.553	EXP	stim1: ori = 0
38.553	EXP	stim1: opacity = 1
38.553	EXP	stim1: pos = [0,0]
38.553	EXP	stim1: size = [400,400]
38.553	EXP	stim1: image = undefined
38.553	EXP	stim1: mask = undefined
38.553	EXP	stim1: color = {"_rgb":[1,1,1]}
38.553	EXP	stim1: contrast = 1
38.553	EXP	stim1: texRes = 128
38.553	EXP	stim1: interpolate = true
38.553	EXP	stim1: depth = 0
38.553	EXP	stim1: flipHoriz = false
38.553	EXP	stim1: flipVert = false
38.553	EXP	fix: units = "pix"
38.553	EXP	fix: ori = 0
38.553	EXP	fix: opacity = 1
38.553	EXP	fix: pos = [0,0]
38.553	EXP	fix: size = [25,25]
38.553	EXP	fix: image = undefined
38.553	EXP	fix: mask = undefined
38.553	EXP	fix: color = {"_rgb":[1,1,1]}
38.553	EXP	fix: contrast = 1
38.553	EXP	fix: texRes = 128
38.553	EXP	fix: interpolate = true
38.553	EXP	fix: depth = -1
38.553	EXP	fix: flipHoriz = false
38.553	EXP	fix: flipVert = false
38.553	EXP	prob1: units = "height"
38.553	EXP	prob1: ori = 0
38.553	EXP	prob1: opacity = 1
38.553	EXP	prob1: pos = [0,0]
38.553	EXP	prob1: size = undefined
38.553	EXP	prob1: text = "default text"
38.553	EXP	prob1: font = "Arial"
38.553	EXP	prob1: color = {"_hex":"#000000","_rgb":[0,0,0]}
38.553	EXP	prob1: contrast = 1
38.553	EXP	prob1: height = 0.1
38.553	EXP	prob1: bold = false
38.553	EXP	prob1: italic = false
38.553	EXP	prob1: alignHoriz = "left"
38.553	EXP	prob1: alignVert = "center"
38.553	EXP	prob1: wrapWidth = 1
38.553	EXP	prob1: flipHoriz = false
38.553	EXP	prob1: flipVert = false
38.553	EXP	jitter1: units = "pix"
38.553	EXP	jitter1: ori = 0
38.553	EXP	jitter1: opacity = 1
38.553	EXP	jitter1: pos = [0,0]
38.553	EXP	jitter1: size = [25,25]
38.553	EXP	jitter1: image = undefined
38.553	EXP	jitter1: mask = undefined
38.553	EXP	jitter1: color = {"_rgb":[1,1,1]}
38.553	EXP	jitter1: contrast = 1
38.553	EXP	jitter1: texRes = 128
38.553	EXP	jitter1: interpolate = true
38.553	EXP	jitter1: depth = 0
38.553	EXP	jitter1: flipHoriz = false
38.553	EXP	jitter1: flipVert = false
38.553	EXP	stim2: units = "pix"
38.553	EXP	stim2: ori = 0
38.553	EXP	stim2: opacity = 1
38.553	EXP	stim2: pos = [0,0]
38.553	EXP	stim2: size = [400,400]
38.553	EXP	stim2: image = undefined
38.553	EXP	stim2: mask = undefined
38.553	EXP	stim2: color = {"_rgb":[1,1,1]}
38.553	EXP	stim2: contrast = 1
38.553	EXP	stim2: texRes = 128
38.553	EXP	stim2: interpolate = true
38.553	EXP	stim2: depth = 0
38.553	EXP	stim2: flipHoriz = false
38.553	EXP	stim2: flipVert = false
38.553	EXP	fix2: units = "pix"
38.553	EXP	fix2: ori = 0
38.553	EXP	fix2: opacity = 1
38.553	EXP	fix2: pos = [0,0]
38.553	EXP	fix2: size = [25,25]
38.553	EXP	fix2: image = undefined
38.553	EXP	fix2: mask = undefined
38.553	EXP	fix2: color = {"_rgb":[1,1,1]}
38.553	EXP	fix2: contrast = 1
38.553	EXP	fix2: texRes = 128
38.553	EXP	fix2: interpolate = true
38.553	EXP	fix2: depth = -1
38.553	EXP	fix2: flipHoriz = false
38.553	EXP	fix2: flipVert = false
38.553	EXP	prob2: units = "height"
38.553	EXP	prob2: ori = 0
38.553	EXP	prob2: opacity = 1
38.553	EXP	prob2: pos = [0,0]
38.553	EXP	prob2: size = undefined
38.553	EXP	prob2: text = "default text"
38.553	EXP	prob2: font = "Arial"
38.553	EXP	prob2: color = {"_hex":"#000000","_rgb":[0,0,0]}
38.553	EXP	prob2: contrast = 1
38.553	EXP	prob2: height = 0.1
38.553	EXP	prob2: bold = false
38.553	EXP	prob2: italic = false
38.553	EXP	prob2: alignHoriz = "left"
38.553	EXP	prob2: alignVert = "center"
38.553	EXP	prob2: wrapWidth = 1
38.553	EXP	prob2: flipHoriz = false
38.553	EXP	prob2: flipVert = false
38.553	EXP	jitter1: units = "pix"
38.553	EXP	jitter1: ori = 0
38.553	EXP	jitter1: opacity = 1
38.553	EXP	jitter1: pos = [0,0]
38.553	EXP	jitter1: size = [25,25]
38.553	EXP	jitter1: image = undefined
38.553	EXP	jitter1: mask = undefined
38.553	EXP	jitter1: color = {"_rgb":[1,1,1]}
38.553	EXP	jitter1: contrast = 1
38.553	EXP	jitter1: texRes = 128
38.553	EXP	jitter1: interpolate = true
38.553	EXP	jitter1: depth = 0
38.553	EXP	jitter1: flipHoriz = false
38.553	EXP	jitter1: flipVert = false
38.553	EXP	Choice: units = "height"
38.553	EXP	Choice: ori = 0
38.553	EXP	Choice: opacity = 1
38.553	EXP	Choice: pos = [0,0]
38.553	EXP	Choice: size = undefined
38.553	EXP	Choice: text = "Choose"
38.553	EXP	Choice: font = "Arial"
38.553	EXP	Choice: color = {"_hex":"#000000","_rgb":[0,0,0]}
38.553	EXP	Choice: contrast = 1
38.553	EXP	Choice: height = 0.1
38.553	EXP	Choice: bold = false
38.553	EXP	Choice: italic = false
38.553	EXP	Choice: alignHoriz = "left"
38.553	EXP	Choice: alignVert = "center"
38.553	EXP	Choice: wrapWidth = 1
38.553	EXP	Choice: flipHoriz = false
38.553	EXP	Choice: flipVert = false
38.553	EXP	fix3: units = "pix"
38.553	EXP	fix3: ori = 0
38.553	EXP	fix3: opacity = 1
38.553	EXP	fix3: pos = [0,0]
38.553	EXP	fix3: size = [25,25]
38.553	EXP	fix3: image = undefined
38.553	EXP	fix3: mask = undefined
38.553	EXP	fix3: color = {"_rgb":[1,1,1]}
38.553	EXP	fix3: contrast = 1
38.553	EXP	fix3: texRes = 128
38.553	EXP	fix3: interpolate = true
38.553	EXP	fix3: depth = 0
38.553	EXP	fix3: flipHoriz = false
38.553	EXP	fix3: flipVert = false
38.553	EXP	reveal: units = "height"
38.553	EXP	reveal: ori = 0
38.553	EXP	reveal: opacity = 1
38.553	EXP	reveal: pos = [0,0]
38.553	EXP	reveal: size = undefined
38.553	EXP	reveal: text = "default text"
38.553	EXP	reveal: font = "Arial"
38.553	EXP	reveal: color = {"_hex":"#000000","_rgb":[0,0,0]}
38.553	EXP	reveal: contrast = 1
38.553	EXP	reveal: height = 0.1
38.553	EXP	reveal: bold = false
38.553	EXP	reveal: italic = false
38.553	EXP	reveal: alignHoriz = "left"
38.553	EXP	reveal: alignVert = "center"
38.553	EXP	reveal: wrapWidth = 1
38.553	EXP	reveal: flipHoriz = false
38.553	EXP	reveal: flipVert = false
38.553	EXP	tutorial_text1: units = "height"
38.553	EXP	tutorial_text1: ori = 0
38.553	EXP	tutorial_text1: opacity = 1
38.553	EXP	tutorial_text1: pos = [0,0.4]
38.553	EXP	tutorial_text1: size = undefined
38.553	EXP	tutorial_text1: text = "default text"
38.553	EXP	tutorial_text1: font = "Arial"
38.553	EXP	tutorial_text1: color = {"_hex":"#000000","_rgb":[0,0,0]}
38.553	EXP	tutorial_text1: contrast = 1
38.553	EXP	tutorial_text1: height = 0.1
38.553	EXP	tutorial_text1: bold = false
38.553	EXP	tutorial_text1: italic = false
38.553	EXP	tutorial_text1: alignHoriz = "left"
38.553	EXP	tutorial_text1: alignVert = "center"
38.553	EXP	tutorial_text1: wrapWidth = 1
38.553	EXP	tutorial_text1: flipHoriz = false
38.553	EXP	tutorial_text1: flipVert = false
38.553	EXP	fix5: units = "pix"
38.553	EXP	fix5: ori = 0
38.553	EXP	fix5: opacity = 1
38.553	EXP	fix5: pos = [0,0]
38.553	EXP	fix5: size = [25,25]
38.553	EXP	fix5: image = undefined
38.553	EXP	fix5: mask = undefined
38.553	EXP	fix5: color = {"_rgb":[1,1,1]}
38.553	EXP	fix5: contrast = 1
38.553	EXP	fix5: texRes = 128
38.553	EXP	fix5: interpolate = true
38.553	EXP	fix5: depth = -2
38.553	EXP	fix5: flipHoriz = false
38.553	EXP	fix5: flipVert = false
38.553	EXP	outcome_circle: units = "pix"
38.553	EXP	outcome_circle: ori = 0
38.553	EXP	outcome_circle: opacity = 1
38.553	EXP	outcome_circle: pos = [0,0]
38.553	EXP	outcome_circle: size = [1280,720]
38.553	EXP	outcome_circle: image = undefined
38.553	EXP	outcome_circle: mask = undefined
38.553	EXP	outcome_circle: color = {"_rgb":[1,1,1]}
38.553	EXP	outcome_circle: contrast = 1
38.553	EXP	outcome_circle: texRes = 128
38.553	EXP	outcome_circle: interpolate = true
38.553	EXP	outcome_circle: depth = -3
38.553	EXP	outcome_circle: flipHoriz = false
38.553	EXP	outcome_circle: flipVert = false
38.553	EXP	fix4: units = "pix"
38.553	EXP	fix4: ori = 0
38.553	EXP	fix4: opacity = 1
38.553	EXP	fix4: pos = [0,0]
38.553	EXP	fix4: size = [25,25]
38.553	EXP	fix4: image = undefined
38.553	EXP	fix4: mask = undefined
38.553	EXP	fix4: color = {"_rgb":[1,1,1]}
38.553	EXP	fix4: contrast = 1
38.553	EXP	fix4: texRes = 128
38.553	EXP	fix4: interpolate = true
38.553	EXP	fix4: depth = 0
38.553	EXP	fix4: flipHoriz = false
38.553	EXP	fix4: flipVert = false
38.553	EXP	reveal2: units = "height"
38.553	EXP	reveal2: ori = 0
38.553	EXP	reveal2: opacity = 1
38.553	EXP	reveal2: pos = [0,0]
38.553	EXP	reveal2: size = undefined
38.553	EXP	reveal2: text = "default text"
38.553	EXP	reveal2: font = "Arial"
38.553	EXP	reveal2: color = {"_hex":"#000000","_rgb":[0,0,0]}
38.553	EXP	reveal2: contrast = 1
38.553	EXP	reveal2: height = 0.1
38.553	EXP	reveal2: bold = false
38.553	EXP	reveal2: italic = false
38.553	EXP	reveal2: alignHoriz = "left"
38.553	EXP	reveal2: alignVert = "center"
38.553	EXP	reveal2: wrapWidth = 1
38.553	EXP	reveal2: flipHoriz = false
38.553	EXP	reveal2: flipVert = false
38.553	EXP	tutorialtext2: units = "height"
38.553	EXP	tutorialtext2: ori = 0
38.553	EXP	tutorialtext2: opacity = 1
38.553	EXP	tutorialtext2: pos = [0,0.4]
38.553	EXP	tutorialtext2: size = undefined
38.553	EXP	tutorialtext2: text = "default text"
38.553	EXP	tutorialtext2: font = "Arial"
38.553	EXP	tutorialtext2: color = {"_hex":"#000000","_rgb":[0,0,0]}
38.553	EXP	tutorialtext2: contrast = 1
38.553	EXP	tutorialtext2: height = 0.1
38.553	EXP	tutorialtext2: bold = false
38.553	EXP	tutorialtext2: italic = false
38.553	EXP	tutorialtext2: alignHoriz = "left"
38.553	EXP	tutorialtext2: alignVert = "center"
38.553	EXP	tutorialtext2: wrapWidth = 1
38.553	EXP	tutorialtext2: flipHoriz = false
38.553	EXP	tutorialtext2: flipVert = false
38.553	EXP	fix6: units = "pix"
38.553	EXP	fix6: ori = 0
38.553	EXP	fix6: opacity = 1
38.553	EXP	fix6: pos = [0,0]
38.553	EXP	fix6: size = [25,25]
38.553	EXP	fix6: image = undefined
38.553	EXP	fix6: mask = undefined
38.553	EXP	fix6: color = {"_rgb":[1,1,1]}
38.553	EXP	fix6: contrast = 1
38.553	EXP	fix6: texRes = 128
38.553	EXP	fix6: interpolate = true
38.553	EXP	fix6: depth = -2
38.553	EXP	fix6: flipHoriz = false
38.553	EXP	fix6: flipVert = false
38.553	EXP	counter_square: units = "pix"
38.553	EXP	counter_square: ori = 0
38.553	EXP	counter_square: opacity = 1
38.553	EXP	counter_square: pos = [0,0]
38.553	EXP	counter_square: size = [1280,720]
38.553	EXP	counter_square: image = undefined
38.553	EXP	counter_square: mask = undefined
38.553	EXP	counter_square: color = {"_rgb":[1,1,1]}
38.553	EXP	counter_square: contrast = 1
38.553	EXP	counter_square: texRes = 128
38.553	EXP	counter_square: interpolate = true
38.553	EXP	counter_square: depth = -3
38.553	EXP	counter_square: flipHoriz = false
38.553	EXP	counter_square: flipVert = false
38.553	EXP	text: units = "height"
38.553	EXP	text: ori = 0
38.553	EXP	text: opacity = 1
38.553	EXP	text: pos = [0,0]
38.553	EXP	text: size = undefined
38.553	EXP	text: text = "This concludes the practice. Press the spacebar when ready to continue to the actual trials. "
38.553	EXP	text: font = "Arial"
38.553	EXP	text: color = {"_hex":"#FFFFFF","_rgb":[1,1,1]}
38.553	EXP	text: contrast = 1
38.553	EXP	text: height = 0.1
38.553	EXP	text: bold = false
38.553	EXP	text: italic = false
38.553	EXP	text: alignHoriz = "left"
38.553	EXP	text: alignVert = "center"
38.553	EXP	text: wrapWidth = 1
38.553	EXP	text: flipHoriz = false
38.553	EXP	text: flipVert = false
38.553	EXP	Ins: autoDraw = true
59.867	DATA	Mouse: wheel shift=(-1,0), pos=(670,693)
68.887	DATA	Keydown:  
68.91900000000001	EXP	Ins: autoDraw = false
68.91900000000001	EXP	jitter1: pos = [0,0]
68.91900000000001	EXP	jitter1: image = {}
68.91900000000001	EXP	jitter1: autoDraw = true
69.918	EXP	jitter1: autoDraw = false
69.918	EXP	jitter1: autoDraw = false
69.918	EXP	stim1: image = {}
69.918	EXP	fix: image = {}
69.918	EXP	prob1: text = 15
69.918	EXP	stim1: autoDraw = true
69.918	EXP	fix: autoDraw = true
69.918	EXP	prob1: autoDraw = true
70.10600000000001	EXP	stim1: autoDraw = false
70.10600000000001	EXP	fix: autoDraw = false
70.10600000000001	EXP	prob1: autoDraw = false
70.10600000000001	EXP	stim1: autoDraw = false
70.10600000000001	EXP	fix: autoDraw = false
70.10600000000001	EXP	prob1: autoDraw = false
70.10600000000001	EXP	jitter1: pos = [0,0]
70.10600000000001	EXP	jitter1: image = {}
70.10600000000001	EXP	jitter1: autoDraw = true
71.12100000000001	EXP	jitter1: autoDraw = false
71.12100000000001	EXP	jitter1: autoDraw = false
71.12100000000001	EXP	stim2: image = {}
71.12100000000001	EXP	fix2: image = {}
71.12100000000001	EXP	prob2: text = 35
71.12100000000001	EXP	stim2: autoDraw = true
71.12100000000001	EXP	fix2: autoDraw = true
71.12100000000001	EXP	prob2: autoDraw = true
71.309	EXP	stim2: autoDraw = false
71.309	EXP	fix2: autoDraw = false
71.309	EXP	prob2: autoDraw = false
71.309	EXP	stim2: autoDraw = false
71.309	EXP	fix2: autoDraw = false
71.309	EXP	prob2: autoDraw = false
71.309	EXP	jitter1: pos = [0,0]
71.309	EXP	jitter1: image = {}
71.309	EXP	jitter1: autoDraw = true
72.313	EXP	jitter1: autoDraw = false
72.313	EXP	jitter1: autoDraw = false
72.313	EXP	Choice: autoDraw = true
74.492	DATA	Keydown: ArrowLeft
74.51100000000001	EXP	Choice: autoDraw = false
74.51100000000001	EXP	fix3: image = {}
74.51100000000001	EXP	fix3: autoDraw = true
80.54700000000001	EXP	fix3: autoDraw = false
80.54700000000001	EXP	fix3: autoDraw = false
80.54700000000001	EXP	reveal: text = 15
80.54700000000001	EXP	tutorial_text1: text = "Win"
80.54700000000001	EXP	fix5: image = {}
80.54700000000001	EXP	outcome_circle: image = {}
80.54700000000001	EXP	reveal: autoDraw = true
80.54700000000001	EXP	tutorial_text1: autoDraw = true
80.54700000000001	EXP	fix5: autoDraw = true
80.54700000000001	EXP	outcome_circle: autoDraw = true
80.71400000000001	EXP	reveal: autoDraw = false
80.71400000000001	EXP	tutorial_text1: autoDraw = false
80.71400000000001	EXP	fix5: autoDraw = false
80.71400000000001	EXP	outcome_circle: autoDraw = false
80.71400000000001	EXP	reveal: autoDraw = false
80.71400000000001	EXP	tutorial_text1: autoDraw = false
80.71400000000001	EXP	fix5: autoDraw = false
80.71400000000001	EXP	outcome_circle: autoDraw = false
80.71400000000001	EXP	fix4: image = {}
80.71400000000001	EXP	fix4: autoDraw = true
82.239	EXP	fix4: autoDraw = false
82.239	EXP	fix4: autoDraw = false
82.239	EXP	reveal2: text = 35
82.239	EXP	tutorialtext2: text = "Loss"
82.239	EXP	fix6: image = {}
82.239	EXP	counter_square: image = {}
82.239	EXP	reveal2: autoDraw = true
82.239	EXP	tutorialtext2: autoDraw = true
82.239	EXP	fix6: autoDraw = true
82.239	EXP	counter_square: autoDraw = true
82.41600000000001	EXP	reveal2: autoDraw = false
82.41600000000001	EXP	tutorialtext2: autoDraw = false
82.41600000000001	EXP	fix6: autoDraw = false
82.41600000000001	EXP	counter_square: autoDraw = false
82.41600000000001	EXP	reveal2: autoDraw = false
82.41600000000001	EXP	tutorialtext2: autoDraw = false
82.41600000000001	EXP	fix6: autoDraw = false
82.41600000000001	EXP	counter_square: autoDraw = false
82.41600000000001	EXP	jitter1: pos = [0,0]
82.41600000000001	EXP	jitter1: image = {}
82.41600000000001	EXP	jitter1: autoDraw = true
83.42200000000001	EXP	jitter1: autoDraw = false
83.42200000000001	EXP	jitter1: autoDraw = false
83.42200000000001	EXP	stim1: image = {}
83.42200000000001	EXP	fix: image = {}
83.42200000000001	EXP	prob1: text = 25
83.42200000000001	EXP	stim1: autoDraw = true
83.42200000000001	EXP	fix: autoDraw = true
83.42200000000001	EXP	prob1: autoDraw = true
83.616	EXP	stim1: autoDraw = false
83.616	EXP	fix: autoDraw = false
83.616	EXP	prob1: autoDraw = false
83.616	EXP	stim1: autoDraw = false
83.616	EXP	fix: autoDraw = false
83.616	EXP	prob1: autoDraw = false
83.616	EXP	jitter1: pos = [0,0]
83.616	EXP	jitter1: image = {}
83.616	EXP	jitter1: autoDraw = true
84.626	EXP	jitter1: autoDraw = false
84.626	EXP	jitter1: autoDraw = false
84.626	EXP	stim2: image = {}
84.626	EXP	fix2: image = {}
84.626	EXP	prob2: text = 55
84.626	EXP	stim2: autoDraw = true
84.626	EXP	fix2: autoDraw = true
84.626	EXP	prob2: autoDraw = true
84.81700000000001	EXP	stim2: autoDraw = false
84.81700000000001	EXP	fix2: autoDraw = false
84.81700000000001	EXP	prob2: autoDraw = false
84.81700000000001	EXP	stim2: autoDraw = false
84.81700000000001	EXP	fix2: autoDraw = false
84.81700000000001	EXP	prob2: autoDraw = false
84.81700000000001	EXP	jitter1: pos = [0,0]
84.81700000000001	EXP	jitter1: image = {}
84.81700000000001	EXP	jitter1: autoDraw = true
85.81700000000001	EXP	jitter1: autoDraw = false
85.81700000000001	EXP	jitter1: autoDraw = false
85.81700000000001	EXP	Choice: autoDraw = true
86.77900000000001	DATA	Keydown: ArrowRight
86.78500000000001	EXP	Choice: autoDraw = false
86.78500000000001	EXP	fix3: image = {}
86.78500000000001	EXP	fix3: autoDraw = true
92.799	EXP	fix3: autoDraw = false
92.799	EXP	fix3: autoDraw = false
92.799	EXP	reveal: text = 25
92.799	EXP	tutorial_text1: text = "Loss"
92.799	EXP	fix5: image = {}
92.799	EXP	outcome_circle: image = {}
92.799	EXP	reveal: autoDraw = true
92.799	EXP	tutorial_text1: autoDraw = true
92.799	EXP	fix5: autoDraw = true
92.799	EXP	outcome_circle: autoDraw = true
92.97300000000001	EXP	reveal: autoDraw = false
92.97300000000001	EXP	tutorial_text1: autoDraw = false
92.97300000000001	EXP	fix5: autoDraw = false
92.97300000000001	EXP	outcome_circle: autoDraw = false
92.97300000000001	EXP	reveal: autoDraw = false
92.97300000000001	EXP	tutorial_text1: autoDraw = false
92.97300000000001	EXP	fix5: autoDraw = false
92.97300000000001	EXP	outcome_circle: autoDraw = false
92.97300000000001	EXP	fix4: image = {}
92.97300000000001	EXP	fix4: autoDraw = true
94.498	EXP	fix4: autoDraw = false
94.498	EXP	fix4: autoDraw = false
94.498	EXP	reveal2: text = 55
94.498	EXP	tutorialtext2: text = "Win"
94.498	EXP	fix6: image = {}
94.498	EXP	counter_square: image = {}
94.498	EXP	reveal2: autoDraw = true
94.498	EXP	tutorialtext2: autoDraw = true
94.498	EXP	fix6: autoDraw = true
94.498	EXP	counter_square: autoDraw = true
94.67500000000001	EXP	reveal2: autoDraw = false
94.67500000000001	EXP	tutorialtext2: autoDraw = false
94.67500000000001	EXP	fix6: autoDraw = false
94.67500000000001	EXP	counter_square: autoDraw = false
94.67500000000001	EXP	reveal2: autoDraw = false
94.67500000000001	EXP	tutorialtext2: autoDraw = false
94.67500000000001	EXP	fix6: autoDraw = false
94.67500000000001	EXP	counter_square: autoDraw = false
94.67500000000001	EXP	jitter1: pos = [0,0]
94.67500000000001	EXP	jitter1: image = {}
94.67500000000001	EXP	jitter1: autoDraw = true
95.683	EXP	jitter1: autoDraw = false
95.683	EXP	jitter1: autoDraw = false
95.683	EXP	stim1: image = {}
95.683	EXP	fix: image = {}
95.683	EXP	prob1: text = 55
95.683	EXP	stim1: autoDraw = true
95.683	EXP	fix: autoDraw = true
95.683	EXP	prob1: autoDraw = true
95.876	EXP	stim1: autoDraw = false
95.876	EXP	fix: autoDraw = false
95.876	EXP	prob1: autoDraw = false
95.876	EXP	stim1: autoDraw = false
95.876	EXP	fix: autoDraw = false
95.876	EXP	prob1: autoDraw = false
95.876	EXP	jitter1: pos = [0,0]
95.876	EXP	jitter1: image = {}
95.876	EXP	jitter1: autoDraw = true
96.884	EXP	jitter1: autoDraw = false
96.884	EXP	jitter1: autoDraw = false
96.884	EXP	stim2: image = {}
96.884	EXP	fix2: image = {}
96.884	EXP	prob2: text = 10
96.884	EXP	stim2: autoDraw = true
96.884	EXP	fix2: autoDraw = true
96.884	EXP	prob2: autoDraw = true
97.08000000000001	EXP	stim2: autoDraw = false
97.08000000000001	EXP	fix2: autoDraw = false
97.08000000000001	EXP	prob2: autoDraw = false
97.08000000000001	EXP	stim2: autoDraw = false
97.08000000000001	EXP	fix2: autoDraw = false
97.08000000000001	EXP	prob2: autoDraw = false
97.08000000000001	EXP	jitter1: pos = [0,0]
97.08000000000001	EXP	jitter1: image = {}
97.08000000000001	EXP	jitter1: autoDraw = true
98.078	EXP	jitter1: autoDraw = false
98.078	EXP	jitter1: autoDraw = false
98.078	EXP	Choice: autoDraw = true
99.715	DATA	Keydown: ArrowLeft
99.72900000000001	EXP	Choice: autoDraw = false
99.72900000000001	EXP	fix3: image = {}
99.72900000000001	EXP	fix3: autoDraw = true
105.73100000000001	EXP	fix3: autoDraw = false
105.73100000000001	EXP	fix3: autoDraw = false
105.73100000000001	EXP	reveal: text = 55
105.73100000000001	EXP	tutorial_text1: text = "Win"
105.73100000000001	EXP	fix5: image = {}
105.73100000000001	EXP	outcome_circle: image = {}
105.73100000000001	EXP	reveal: autoDraw = true
105.73100000000001	EXP	tutorial_text1: autoDraw = true
105.73100000000001	EXP	fix5: autoDraw = true
105.73100000000001	EXP	outcome_circle: autoDraw = true
105.921	EXP	reveal: autoDraw = false
105.921	EXP	tutorial_text1: autoDraw = false
105.921	EXP	fix5: autoDraw = false
105.921	EXP	outcome_circle: autoDraw = false
105.921	EXP	reveal: autoDraw = false
105.921	EXP	tutorial_text1: autoDraw = false
105.921	EXP	fix5: autoDraw = false
105.921	EXP	outcome_circle: autoDraw = false
105.921	EXP	fix4: image = {}
105.921	EXP	fix4: autoDraw = true
107.43100000000001	EXP	fix4: autoDraw = false
107.43100000000001	EXP	fix4: autoDraw = false
107.43100000000001	EXP	reveal2: text = 10
107.43100000000001	EXP	tutorialtext2: text = "Loss"
107.43100000000001	EXP	fix6: image = {}
107.43100000000001	EXP	counter_square: image = {}
107.43100000000001	EXP	reveal2: autoDraw = true
107.43100000000001	EXP	tutorialtext2: autoDraw = true
107.43100000000001	EXP	fix6: autoDraw = true
107.43100000000001	EXP	counter_square: autoDraw = true
107.62	EXP	reveal2: autoDraw = false
107.62	EXP	tutorialtext2: autoDraw = false
107.62	EXP	fix6: autoDraw = false
107.62	EXP	counter_square: autoDraw = false
107.62	EXP	reveal2: autoDraw = false
107.62	EXP	tutorialtext2: autoDraw = false
107.62	EXP	fix6: autoDraw = false
107.62	EXP	counter_square: autoDraw = false
107.62	EXP	jitter1: pos = [0,0]
107.62	EXP	jitter1: image = {}
107.62	EXP	jitter1: autoDraw = true
108.625	EXP	jitter1: autoDraw = false
108.625	EXP	jitter1: autoDraw = false
108.625	EXP	stim1: image = {}
108.625	EXP	fix: image = {}
108.625	EXP	prob1: text = 20
108.625	EXP	stim1: autoDraw = true
108.625	EXP	fix: autoDraw = true
108.625	EXP	prob1: autoDraw = true
108.82100000000001	EXP	stim1: autoDraw = false
108.82100000000001	EXP	fix: autoDraw = false
108.82100000000001	EXP	prob1: autoDraw = false
108.82100000000001	EXP	stim1: autoDraw = false
108.82100000000001	EXP	fix: autoDraw = false
108.82100000000001	EXP	prob1: autoDraw = false
108.82100000000001	EXP	jitter1: pos = [0,0]
108.82100000000001	EXP	jitter1: image = {}
108.82100000000001	EXP	jitter1: autoDraw = true
109.828	EXP	jitter1: autoDraw = false
109.828	EXP	jitter1: autoDraw = false
109.828	EXP	stim2: image = {}
109.828	EXP	fix2: image = {}
109.828	EXP	prob2: text = 30
109.828	EXP	stim2: autoDraw = true
109.828	EXP	fix2: autoDraw = true
109.828	EXP	prob2: autoDraw = true
110.022	EXP	stim2: autoDraw = false
110.022	EXP	fix2: autoDraw = false
110.022	EXP	prob2: autoDraw = false
110.022	EXP	stim2: autoDraw = false
110.022	EXP	fix2: autoDraw = false
110.022	EXP	prob2: autoDraw = false
110.022	EXP	jitter1: pos = [0,0]
110.022	EXP	jitter1: image = {}
110.022	EXP	jitter1: autoDraw = true
111.021	EXP	jitter1: autoDraw = false
111.021	EXP	jitter1: autoDraw = false
111.021	EXP	Choice: autoDraw = true
111.99100000000001	DATA	Keydown: ArrowRight
112.006	EXP	Choice: autoDraw = false
112.006	EXP	fix3: image = {}
112.006	EXP	fix3: autoDraw = true
118.006	EXP	fix3: autoDraw = false
118.006	EXP	fix3: autoDraw = false
118.006	EXP	reveal: text = 20
118.006	EXP	tutorial_text1: text = "Loss"
118.006	EXP	fix5: image = {}
118.006	EXP	outcome_circle: image = {}
118.006	EXP	reveal: autoDraw = true
118.006	EXP	tutorial_text1: autoDraw = true
118.006	EXP	fix5: autoDraw = true
118.006	EXP	outcome_circle: autoDraw = true
118.19500000000001	EXP	reveal: autoDraw = false
118.19500000000001	EXP	tutorial_text1: autoDraw = false
118.19500000000001	EXP	fix5: autoDraw = false
118.19500000000001	EXP	outcome_circle: autoDraw = false
118.19500000000001	EXP	reveal: autoDraw = false
118.19500000000001	EXP	tutorial_text1: autoDraw = false
118.19500000000001	EXP	fix5: autoDraw = false
118.19500000000001	EXP	outcome_circle: autoDraw = false
118.19500000000001	EXP	fix4: image = {}
118.19500000000001	EXP	fix4: autoDraw = true
119.70700000000001	EXP	fix4: autoDraw = false
119.70700000000001	EXP	fix4: autoDraw = false
119.70700000000001	EXP	reveal2: text = 30
119.70700000000001	EXP	tutorialtext2: text = "Win"
119.70700000000001	EXP	fix6: image = {}
119.70700000000001	EXP	counter_square: image = {}
119.70700000000001	EXP	reveal2: autoDraw = true
119.70700000000001	EXP	tutorialtext2: autoDraw = true
119.70700000000001	EXP	fix6: autoDraw = true
119.70700000000001	EXP	counter_square: autoDraw = true
119.896	EXP	reveal2: autoDraw = false
119.896	EXP	tutorialtext2: autoDraw = false
119.896	EXP	fix6: autoDraw = false
119.896	EXP	counter_square: autoDraw = false
119.896	EXP	reveal2: autoDraw = false
119.896	EXP	tutorialtext2: autoDraw = false
119.896	EXP	fix6: autoDraw = false
119.896	EXP	counter_square: autoDraw = false
119.896	EXP	jitter1: pos = [0,0]
119.896	EXP	jitter1: image = {}
119.896	EXP	jitter1: autoDraw = true
120.903	EXP	jitter1: autoDraw = false
120.903	EXP	jitter1: autoDraw = false
120.903	EXP	stim1: image = {}
120.903	EXP	fix: image = {}
120.903	EXP	prob1: text = 40
120.903	EXP	stim1: autoDraw = true
120.903	EXP	fix: autoDraw = true
120.903	EXP	prob1: autoDraw = true
121.09700000000001	EXP	stim1: autoDraw = false
121.09700000000001	EXP	fix: autoDraw = false
121.09700000000001	EXP	prob1: autoDraw = false
121.09700000000001	EXP	stim1: autoDraw = false
121.09700000000001	EXP	fix: autoDraw = false
121.09700000000001	EXP	prob1: autoDraw = false
121.09700000000001	EXP	jitter1: pos = [0,0]
121.09700000000001	EXP	jitter1: image = {}
121.09700000000001	EXP	jitter1: autoDraw = true
122.10400000000001	EXP	jitter1: autoDraw = false
122.10400000000001	EXP	jitter1: autoDraw = false
122.10400000000001	EXP	stim2: image = {}
122.10400000000001	EXP	fix2: image = {}
122.10400000000001	EXP	prob2: text = 30
122.10400000000001	EXP	stim2: autoDraw = true
122.10400000000001	EXP	fix2: autoDraw = true
122.10400000000001	EXP	prob2: autoDraw = true
122.298	EXP	stim2: autoDraw = false
122.298	EXP	fix2: autoDraw = false
122.298	EXP	prob2: autoDraw = false
122.298	EXP	stim2: autoDraw = false
122.298	EXP	fix2: autoDraw = false
122.298	EXP	prob2: autoDraw = false
122.298	EXP	jitter1: pos = [0,0]
122.298	EXP	jitter1: image = {}
122.298	EXP	jitter1: autoDraw = true
123.298	EXP	jitter1: autoDraw = false
123.298	EXP	jitter1: autoDraw = false
123.298	EXP	Choice: autoDraw = true
124.559	DATA	Keydown: ArrowLeft
124.566	EXP	Choice: autoDraw = false
124.566	EXP	fix3: image = {}
124.566	EXP	fix3: autoDraw = true
130.56400000000002	EXP	fix3: autoDraw = false
130.56400000000002	EXP	fix3: autoDraw = false
130.56400000000002	EXP	reveal: text = 40
130.56400000000002	EXP	tutorial_text1: text = "Win"
130.56400000000002	EXP	fix5: image = {}
130.56400000000002	EXP	outcome_circle: image = {}
130.56400000000002	EXP	reveal: autoDraw = true
130.56400000000002	EXP	tutorial_text1: autoDraw = true
130.56400000000002	EXP	fix5: autoDraw = true
130.56400000000002	EXP	outcome_circle: autoDraw = true
130.754	EXP	reveal: autoDraw = false
130.754	EXP	tutorial_text1: autoDraw = false
130.754	EXP	fix5: autoDraw = false
130.754	EXP	outcome_circle: autoDraw = false
130.754	EXP	reveal: autoDraw = false
130.754	EXP	tutorial_text1: autoDraw = false
130.754	EXP	fix5: autoDraw = false
130.754	EXP	outcome_circle: autoDraw = false
130.754	EXP	fix4: image = {}
130.754	EXP	fix4: autoDraw = true
132.26600000000002	EXP	fix4: autoDraw = false
132.26600000000002	EXP	fix4: autoDraw = false
132.26600000000002	EXP	reveal2: text = 30
132.26600000000002	EXP	tutorialtext2: text = "Loss"
132.26600000000002	EXP	fix6: image = {}
132.26600000000002	EXP	counter_square: image = {}
132.26600000000002	EXP	reveal2: autoDraw = true
132.26600000000002	EXP	tutorialtext2: autoDraw = true
132.26600000000002	EXP	fix6: autoDraw = true
132.26600000000002	EXP	counter_square: autoDraw = true
132.478	EXP	reveal2: autoDraw = false
132.478	EXP	tutorialtext2: autoDraw = false
132.478	EXP	fix6: autoDraw = false
132.478	EXP	counter_square: autoDraw = false
132.478	EXP	reveal2: autoDraw = false
132.478	EXP	tutorialtext2: autoDraw = false
132.478	EXP	fix6: autoDraw = false
132.478	EXP	counter_square: autoDraw = false
132.478	EXP	text: autoDraw = true
